<?xml version="1.0" encoding="UTF-8"?>
<!-- Generated by org.testng.reporters.JUnitReportReporter -->
<testsuite hostname="DESKTOP-B9DTI0S" failures="0" tests="7" name="com.automate.qa.test.HomePageTest" time="67.910" errors="0" timestamp="15 Sep 2019 07:27:56 GMT" skipped="1">
  <testcase classname="com.automate.qa.test.HomePageTest" name="testBox" time="10.788"/>
  <testcase classname="com.automate.qa.test.HomePageTest" name="validateTitle" time="10.639"/>
  <testcase classname="com.automate.qa.test.HomePageTest" name="validateChap1Link" time="11.205"/>
  <testcase classname="com.automate.qa.test.HomePageTest" name="validateChap2link" time="11.090"/>
  <testcase classname="com.automate.qa.test.HomePageTest" name="validateChap3Link" time="13.137"/>
  <testcase classname="com.automate.qa.test.HomePageTest" name="validateChap4Link" time="11.051"/>
  <testcase classname="com.automate.qa.test.HomePageTest" name="validateChap8Link">
    <skipped/>
  </testcase> <!-- validateChap8Link -->
</testsuite> <!-- com.automate.qa.test.HomePageTest -->
