<?xml version="1.0" encoding="UTF-8"?>
<!-- Generated by org.testng.reporters.JUnitReportReporter -->
<testsuite hostname="DESKTOP-B9DTI0S" failures="0" tests="7" name="com.automate.qa.test.HomePageTest" time="69.165" errors="0" timestamp="15 Sep 2019 07:33:14 GMT" skipped="1">
  <testcase classname="com.automate.qa.test.HomePageTest" name="testBox" time="10.796"/>
  <testcase classname="com.automate.qa.test.HomePageTest" name="validateTitle" time="10.911"/>
  <testcase classname="com.automate.qa.test.HomePageTest" name="validateChap1Link" time="11.721"/>
  <testcase classname="com.automate.qa.test.HomePageTest" name="validateChap2link" time="12.730"/>
  <testcase classname="com.automate.qa.test.HomePageTest" name="validateChap3Link" time="11.839"/>
  <testcase classname="com.automate.qa.test.HomePageTest" name="validateChap4Link" time="11.168"/>
  <testcase classname="com.automate.qa.test.HomePageTest" name="validateChap8Link">
    <skipped/>
  </testcase> <!-- validateChap8Link -->
</testsuite> <!-- com.automate.qa.test.HomePageTest -->
